Script started: --b=64 --width=3 --depth=3 --num=5
sigma= 0.1
experiment 0
2023-10-06 10:45:35.438483: I tensorflow/stream_executor/platform/default/dso_loader.cc:49] Successfully opened dynamic library libcudart.so.11.0
2023-10-06 10:45:43.543818: I tensorflow/compiler/jit/xla_cpu_device.cc:41] Not creating XLA devices, tf_xla_enable_xla_devices not set
2023-10-06 10:45:43.546112: I tensorflow/stream_executor/platform/default/dso_loader.cc:49] Successfully opened dynamic library libcuda.so.1
2023-10-06 10:45:43.555653: E tensorflow/stream_executor/cuda/cuda_driver.cc:328] failed call to cuInit: CUDA_ERROR_NO_DEVICE: no CUDA-capable device is detected
2023-10-06 10:45:43.555747: I tensorflow/stream_executor/cuda/cuda_diagnostics.cc:156] kernel driver does not appear to be running on this host (bcm): /proc/driver/nvidia/version does not exist
[]
未使用GPU
sigma=0.25
depth=5, width=3
2023-10-06 10:46:17.458295: I tensorflow/core/platform/cpu_feature_guard.cc:142] This TensorFlow binary is optimized with oneAPI Deep Neural Network Library (oneDNN) to use the following CPU instructions in performance-critical operations:  AVX2 FMA
To enable them in other operations, rebuild TensorFlow with the appropriate compiler flags.
2023-10-06 10:46:17.461031: I tensorflow/compiler/jit/xla_gpu_device.cc:99] Not creating XLA devices, tf_xla_enable_xla_devices not set
alpha= 0
2023-10-06 10:46:18.232266: I tensorflow/compiler/mlir/mlir_graph_optimization_pass.cc:116] None of the MLIR optimization passes are enabled (registered 2)
2023-10-06 10:46:18.233048: I tensorflow/core/platform/profile_utils/cpu_utils.cc:112] CPU Frequency: 2099915000 Hz
0.7112
alpha= 2
0.6973363636363636
alpha= 1.9
0.6928727272727273
alpha= 1.5
0.6724909090909091
alpha= 1.3
0.6549181818181818
alpha= 1
0.6133272727272727
alpha= 0.9
0.5934545454545455
alpha= 0.5
0.47512727272727273
alpha= mixture
0.6577
alpha= multiple
0.6558153846153846
alpha= 0
0.704
alpha= 2
0.69
alpha= 1.9
0.6879636363636363
alpha= 1.5
0.6711727272727273
alpha= 1.3
0.6542454545454546
alpha= 1
0.6175818181818182
alpha= 0.9
0.5980181818181818
alpha= 0.5
0.47867272727272725
alpha= mixture
0.6570090909090909
alpha= multiple
0.6541538461538462
alpha= 0
0.3642
alpha= 2
0.3627
alpha= 1.9
0.36226363636363634
alpha= 1.5
0.3558272727272727
alpha= 1.3
0.3477181818181818
alpha= 1
0.33192727272727274
alpha= 0.9
0.3218909090909091
alpha= 0.5
0.26683636363636365
alpha= mixture
0.3487727272727273
alpha= multiple
0.34864615384615383
alpha= 0
0.7357
alpha= 2
0.7177636363636364
alpha= 1.9
0.7145
alpha= 1.5
0.6963454545454546
alpha= 1.3
0.6798272727272727
alpha= 1
0.6406272727272727
alpha= 0.9
0.6211909090909091
alpha= 0.5
0.5002090909090909
alpha= mixture
0.6822636363636364
alpha= multiple
0.6795076923076923
alpha= 0
0.7081
alpha= 2
0.6970545454545455
alpha= 1.9
0.6943272727272727
alpha= 1.5
0.6764181818181818
alpha= 1.3
0.6574818181818182
alpha= 1
0.6130181818181818
alpha= 0.9
0.5932727272727273
alpha= 0.5
0.4641272727272727
alpha= mixture
0.6609545454545455
alpha= multiple
0.6589153846153846
sigma=0.35
depth=5, width=3
alpha= 0
0.7497
alpha= 2
0.7515545454545455
alpha= 1.9
0.7509818181818182
alpha= 1.5
0.7478818181818182
alpha= 1.3
0.7439545454545454
alpha= 1
0.7251909090909091
alpha= 0.9
0.7153363636363637
alpha= 0.5
0.6149363636363636
alpha= mixture
0.7443818181818181
alpha= multiple
0.7423846153846154
alpha= 0
0.6687
alpha= 2
0.6676909090909091
alpha= 1.9
0.6681272727272727
alpha= 1.5
0.6627090909090909
alpha= 1.3
0.6566181818181818
alpha= 1
0.6407454545454545
alpha= 0.9
0.6303
alpha= 0.5
0.5394181818181818
alpha= mixture
0.6586363636363637
alpha= multiple
0.6566692307692308
alpha= 0
0.7467
alpha= 2
0.7479181818181818
alpha= 1.9
0.7475272727272727
alpha= 1.5
0.7428636363636364
alpha= 1.3
0.7393090909090909
alpha= 1
0.7206363636363636
alpha= 0.9
0.7120363636363637
alpha= 0.5
0.6212636363636364
alpha= mixture
0.7395090909090909
alpha= multiple
0.7376
alpha= 0
0.7546
alpha= 2
0.7482636363636364
alpha= 1.9
0.7452909090909091
alpha= 1.5
0.7382727272727273
alpha= 1.3
0.7294454545454545
alpha= 1
0.7061272727272727
alpha= 0.9
0.6946181818181818
alpha= 0.5
0.5970909090909091
alpha= mixture
0.7298545454545454
alpha= multiple
0.7291153846153846
alpha= 0
0.7039
alpha= 2
0.6979545454545455
alpha= 1.9
0.6972727272727273
alpha= 1.5
0.6893545454545454
alpha= 1.3
0.6842363636363636
alpha= 1
0.6672636363636364
alpha= 0.9
0.6586454545454545
alpha= 0.5
0.5750090909090909
alpha= mixture
0.6851909090909091
alpha= multiple
0.6835615384615384
sigma=0.2
depth=5, width=3
alpha= 0
0.6267
alpha= 2
0.6189636363636364
alpha= 1.9
0.6147363636363636
alpha= 1.5
0.6014818181818182
alpha= 1.3
0.5910181818181818
alpha= 1
0.5621545454545455
alpha= 0.9
0.5468
alpha= 0.5
0.4521363636363636
alpha= mixture
0.5929545454545454
alpha= multiple
0.5914307692307692
alpha= 0
0.6392
alpha= 2
0.6326181818181819
alpha= 1.9
0.6321181818181818
alpha= 1.5
0.6212
alpha= 1.3
0.6058181818181818
alpha= 1
0.5720636363636363
alpha= 0.9
0.5527727272727273
alpha= 0.5
0.4365272727272727
alpha= mixture
0.6085636363636364
alpha= multiple
0.6046846153846154
alpha= 0
0.6682
alpha= 2
0.6659454545454545
alpha= 1.9
0.6637909090909091
alpha= 1.5
0.6542818181818182
alpha= 1.3
0.6423545454545454
alpha= 1
0.6104272727272727
alpha= 0.9
0.5923
alpha= 0.5
0.4751818181818182
alpha= mixture
0.6436818181818181
alpha= multiple
0.6381692307692308
alpha= 0
0.7785
alpha= 2
0.7680727272727272
alpha= 1.9
0.7646363636363637
alpha= 1.5
0.7499363636363636
alpha= 1.3
0.7357727272727272
alpha= 1
0.7011454545454545
alpha= 0.9
0.6806818181818182
alpha= 0.5
0.5553727272727272
alpha= mixture
0.7364909090909091
alpha= multiple
0.7354384615384615
alpha= 0
0.6852
alpha= 2
0.6757272727272727
alpha= 1.9
0.6720090909090909
alpha= 1.5
0.6586727272727273
alpha= 1.3
0.6457818181818182
alpha= 1
0.6062818181818181
alpha= 0.9
0.5874818181818182
alpha= 0.5
0.45791818181818184
alpha= mixture
0.6472181818181818
alpha= multiple
0.6439307692307692
sigma=0.15
depth=5, width=3
alpha= 0
0.4977
alpha= 2
0.496
alpha= 1.9
0.4949181818181818
alpha= 1.5
0.4873363636363636
alpha= 1.3
0.4768909090909091
alpha= 1
0.45131818181818184
alpha= 0.9
0.4366909090909091
alpha= 0.5
0.3523181818181818
alpha= mixture
0.4794
alpha= multiple
0.4775846153846154
alpha= 0
0.1135
alpha= 2
0.1135
alpha= 1.9
0.1135
alpha= 1.5
0.1135
alpha= 1.3
0.1135
alpha= 1
0.1135
alpha= 0.9
0.1135
alpha= 0.5
0.1135
alpha= mixture
0.1135
alpha= multiple
0.1135
alpha= 0
0.6562
alpha= 2
0.6538090909090909
alpha= 1.9
0.6515818181818182
alpha= 1.5
0.6414363636363636
alpha= 1.3
0.6304272727272727
alpha= 1
0.5916545454545454
alpha= 0.9
0.5715272727272728
alpha= 0.5
0.4331090909090909
alpha= mixture
0.6322090909090909
alpha= multiple
0.6221
alpha= 0
0.7241
alpha= 2
0.7137454545454546
alpha= 1.9
0.7119545454545455
alpha= 1.5
0.6971272727272727
alpha= 1.3
0.6831545454545455
alpha= 1
0.6450272727272728
alpha= 0.9
0.6273545454545455
alpha= 0.5
0.5021181818181818
alpha= mixture
0.6847636363636364
alpha= multiple
0.681
alpha= 0
0.706
alpha= 2
0.6939090909090909
alpha= 1.9
0.6895272727272728
alpha= 1.5
0.6739727272727273
alpha= 1.3
0.660409090909091
alpha= 1
0.6219272727272728
alpha= 0.9
0.6055363636363637
alpha= 0.5
0.48495454545454547
alpha= mixture
0.6626272727272727
alpha= multiple
0.6594230769230769
sigma=0.1
depth=5, width=3
alpha= 0
0.751
alpha= 2
0.7404636363636363
alpha= 1.9
0.7392090909090909
alpha= 1.5
0.7266090909090909
alpha= 1.3
0.7159545454545454
alpha= 1
0.6824272727272728
alpha= 0.9
0.6682181818181818
alpha= 0.5
0.5445818181818182
alpha= mixture
0.7170909090909091
alpha= multiple
0.7145615384615385
alpha= 0
0.7578
alpha= 2
0.7507545454545455
alpha= 1.9
0.7481454545454546
alpha= 1.5
0.7360727272727273
alpha= 1.3
0.7209272727272727
alpha= 1
0.6786727272727273
alpha= 0.9
0.6554636363636364
alpha= 0.5
0.5088090909090909
alpha= mixture
0.7241636363636363
alpha= multiple
0.7149769230769231
alpha= 0
0.6918
alpha= 2
0.6858
alpha= 1.9
0.6837181818181818
alpha= 1.5
0.6725272727272728
alpha= 1.3
0.6602272727272728
alpha= 1
0.6243090909090909
alpha= 0.9
0.6087272727272727
alpha= 0.5
0.4861
alpha= mixture
0.6610363636363636
alpha= multiple
0.6594384615384615
alpha= 0
0.7724
alpha= 2
0.7705181818181818
alpha= 1.9
0.7685090909090909
alpha= 1.5
0.7572454545454546
alpha= 1.3
0.7449
alpha= 1
0.7045545454545454
alpha= 0.9
0.6843
alpha= 0.5
0.5425818181818182
alpha= mixture
0.7470454545454546
alpha= multiple
0.7409538461538462
alpha= 0
0.7639
alpha= 2
0.7545636363636363
alpha= 1.9
0.7531
alpha= 1.5
0.7400636363636364
alpha= 1.3
0.7272
alpha= 1
0.6918454545454545
alpha= 0.9
0.6745
alpha= 0.5
0.5335272727272727
alpha= mixture
0.7286181818181818
alpha= multiple
0.7221153846153846
sigma=0.1
depth=5, width=3
alpha= 0
0.4646
alpha= 2
0.47502727272727274
alpha= 1.9
0.4752272727272727
alpha= 1.5
0.4743636363636364
alpha= 1.3
0.46896363636363636
alpha= 1
0.45087272727272726
alpha= 0.9
0.43866363636363637
alpha= 0.5
0.3543909090909091
alpha= mixture
0.47163636363636363
alpha= multiple
0.46723846153846155
alpha= 0
0.7761
alpha= 2
0.7765454545454545
alpha= 1.9
0.7764909090909091
alpha= 1.5
0.7677909090909091
alpha= 1.3
0.7589454545454546
alpha= 1
0.7250909090909091
alpha= 0.9
0.7065181818181818
alpha= 0.5
0.5634363636363636
alpha= mixture
0.7596090909090909
alpha= multiple
0.7565461538461539
alpha= 0
0.7764
alpha= 2
0.7699545454545454
alpha= 1.9
0.7683181818181818
alpha= 1.5
0.7586181818181819
alpha= 1.3
0.7489636363636364
alpha= 1
0.7183272727272727
alpha= 0.9
0.7033
alpha= 0.5
0.5805272727272728
alpha= mixture
0.7494454545454545
alpha= multiple
0.7469769230769231
alpha= 0
0.7598
alpha= 2
0.7513636363636363
alpha= 1.9
0.7494545454545455
alpha= 1.5
0.7381
alpha= 1.3
0.7262363636363637
alpha= 1
0.694590909090909
alpha= 0.9
0.6756545454545455
alpha= 0.5
0.5466818181818182
alpha= mixture
0.7278636363636364
alpha= multiple
0.7218615384615384
alpha= 0
0.682
alpha= 2
0.6727090909090909
alpha= 1.9
0.6724454545454546
alpha= 1.5
0.6621181818181818
alpha= 1.3
0.6506909090909091
alpha= 1
0.6249454545454546
alpha= 0.9
0.6104272727272727
alpha= 0.5
0.5063909090909091
alpha= mixture
0.6524454545454546
alpha= multiple
0.6472846153846153
sigma=0.05
depth=5, width=3
alpha= 0
0.5438
alpha= 2
0.5534454545454546
alpha= 1.9
0.5529909090909091
alpha= 1.5
0.5554909090909091
alpha= 1.3
0.5541636363636364
alpha= 1
0.5437090909090909
alpha= 0.9
0.5386363636363637
alpha= 0.5
0.4723181818181818
alpha= mixture
0.5536272727272727
alpha= multiple
0.5524923076923077
alpha= 0
0.5967
alpha= 2
0.5908181818181818
alpha= 1.9
0.5895636363636364
alpha= 1.5
0.5829909090909091
alpha= 1.3
0.5787727272727273
alpha= 1
0.5647
alpha= 0.9
0.5551
alpha= 0.5
0.49612727272727275
alpha= mixture
0.5802272727272727
alpha= multiple
0.5783692307692307
alpha= 0
0.4122
alpha= 2
0.4188545454545455
alpha= 1.9
0.4178
alpha= 1.5
0.4198181818181818
alpha= 1.3
0.41557272727272726
alpha= 1
0.39986363636363637
alpha= 0.9
0.3917181818181818
alpha= 0.5
0.33487272727272727
alpha= mixture
0.4157
alpha= multiple
0.41354615384615384
alpha= 0
0.4717
alpha= 2
0.47464545454545454
alpha= 1.9
0.4748090909090909
alpha= 1.5
0.4742909090909091
alpha= 1.3
0.4728181818181818
alpha= 1
0.46384545454545456
alpha= 0.9
0.4597
alpha= 0.5
0.41093636363636366
alpha= mixture
0.47394545454545456
alpha= multiple
0.4712769230769231
alpha= 0
0.4734
alpha= 2
0.48525454545454544
alpha= 1.9
0.48703636363636366
alpha= 1.5
0.49335454545454543
alpha= 1.3
0.49436363636363634
alpha= 1
0.48771818181818183
alpha= 0.9
0.48309090909090907
alpha= 0.5
0.43424545454545455
alpha= mixture
0.4946090909090909
alpha= multiple
0.4908153846153846
sigma=0.25
depth=5, width=3
alpha= 0
0.6552
alpha= 2
0.6528
alpha= 1.9
0.6509090909090909
alpha= 1.5
0.6476909090909091
alpha= 1.3
0.6398818181818182
alpha= 1
0.623
alpha= 0.9
0.6118
alpha= 0.5
0.5286
alpha= mixture
0.6403636363636364
alpha= multiple
0.6402615384615384
alpha= 0
0.4745
alpha= 2
0.4733545454545455
alpha= 1.9
0.4728181818181818
alpha= 1.5
0.46642727272727275
alpha= 1.3
0.46046363636363635
alpha= 1
0.44076363636363636
alpha= 0.9
0.4329363636363636
alpha= 0.5
0.36776363636363635
alpha= mixture
0.46235454545454546
alpha= multiple
0.4599076923076923
alpha= 0
0.7302
alpha= 2
0.7290909090909091
alpha= 1.9
0.7283363636363637
alpha= 1.5
0.7195454545454546
alpha= 1.3
0.7120272727272727
alpha= 1
0.6866363636363636
alpha= 0.9
0.6729636363636363
alpha= 0.5
0.5670090909090909
alpha= mixture
0.7123454545454545
alpha= multiple
0.7101538461538461
alpha= 0
0.6637
alpha= 2
0.6633
alpha= 1.9
0.6635545454545455
alpha= 1.5
0.6589636363636364
alpha= 1.3
0.6547818181818181
alpha= 1
0.6390454545454546
alpha= 0.9
0.6301727272727272
alpha= 0.5
0.5503545454545454
alpha= mixture
0.6544545454545454
alpha= multiple
0.6549846153846154
alpha= 0
0.444
alpha= 2
0.47003636363636364
alpha= 1.9
0.47312727272727273
alpha= 1.5
0.4827272727272727
alpha= 1.3
0.48514545454545455
alpha= 1
0.4732181818181818
alpha= 0.9
0.4630909090909091
alpha= 0.5
0.37631818181818183
alpha= mixture
0.48604545454545456
alpha= multiple
0.48302307692307694
sigma=0.25
depth=5, width=3
alpha= 0
0.4569
alpha= 2
0.4668181818181818
alpha= 1.9
0.4681818181818182
alpha= 1.5
0.4721090909090909
alpha= 1.3
0.4728909090909091
alpha= 1
0.46615454545454543
alpha= 0.9
0.46224545454545457
alpha= 0.5
0.40700909090909093
alpha= mixture
0.4718909090909091
alpha= multiple
0.4727692307692308
alpha= 0
0.7031
alpha= 2
0.707590909090909
alpha= 1.9
0.7066363636363636
alpha= 1.5
0.7029454545454545
alpha= 1.3
0.6951181818181819
alpha= 1
0.6713181818181818
alpha= 0.9
0.6588909090909091
alpha= 0.5
0.5483090909090909
alpha= mixture
0.6972090909090909
alpha= multiple
0.6939307692307692
alpha= 0
0.6689
alpha= 2
0.6654545454545454
alpha= 1.9
0.6635181818181818
alpha= 1.5
0.6582363636363636
alpha= 1.3
0.6515909090909091
alpha= 1
0.6357818181818182
alpha= 0.9
0.6257454545454545
alpha= 0.5
0.5526363636363636
alpha= mixture
0.6517272727272727
alpha= multiple
0.6516461538461539
alpha= 0
0.6932
alpha= 2
0.691509090909091
alpha= 1.9
0.6919181818181818
alpha= 1.5
0.6869272727272727
alpha= 1.3
0.6791545454545455
alpha= 1
0.6592272727272728
alpha= 0.9
0.6488090909090909
alpha= 0.5
0.5513363636363636
alpha= mixture
0.6793454545454546
alpha= multiple
0.6775
alpha= 0
0.6496
alpha= 2
0.6536363636363637
alpha= 1.9
0.6532272727272728
alpha= 1.5
0.6517636363636363
alpha= 1.3
0.6483545454545454
alpha= 1
0.6293181818181818
alpha= 0.9
0.62
alpha= 0.5
0.5221545454545454
alpha= mixture
0.6480727272727272
alpha= multiple
0.645723076923077
